[2023-02-19T18:47:20+08:00][sql] CONNECT:[ UseTime:0.000757s ] mysql:host=mysql57;port=3306;dbname=wechat;charset=utf8
[2023-02-19T18:47:20+08:00][sql] SHOW FULL COLUMNS FROM `hq_auth_group_access` [ RunTime:0.000512s ]
[2023-02-19T18:47:20+08:00][sql] SELECT * FROM `hq_auth_group_access` WHERE  `uid` IS NULL LIMIT 1 [ RunTime:0.000189s ]
[2023-02-19T18:47:20+08:00][sql] SHOW FULL COLUMNS FROM `hq_auth_rule` [ RunTime:0.000364s ]
[2023-02-19T18:47:20+08:00][sql] SELECT * FROM `hq_auth_rule` WHERE  `type` = 'nav'  AND `status` = 1 ORDER BY `sort_order` ASC [ RunTime:0.000506s ]
[2023-02-19T18:47:20+08:00][sql] SELECT * FROM `hq_auth_rule` WHERE  `url` = 'admin/index/login' ORDER BY `pid` DESC LIMIT 1 [ RunTime:0.000243s ]
[2023-02-19T18:48:17+08:00][sql] CONNECT:[ UseTime:0.000993s ] mysql:host=mysql57;port=3306;dbname=wechat;charset=utf8
[2023-02-19T18:48:17+08:00][sql] SHOW FULL COLUMNS FROM `hq_admin` [ RunTime:0.000505s ]
[2023-02-19T18:48:17+08:00][sql] SELECT * FROM `hq_admin` WHERE  `username` = 'hqs316'  AND `password` = 'e10adc3949ba59abbe56e057f20f883e' LIMIT 1 [ RunTime:0.000268s ]
[2023-02-19T18:48:17+08:00][sql] UPDATE `hq_admin`  SET `last_login_time` = 1676803697 , `last_login_ip` = '111.197.233.58' , `login_count` = 1282 , `update_time` = 1676803697  WHERE  `id` = 1 [ RunTime:0.000429s ]
[2023-02-19T18:48:17+08:00][sql] SHOW FULL COLUMNS FROM `hq_admin_log` [ RunTime:0.000478s ]
[2023-02-19T18:48:17+08:00][sql] INSERT INTO `hq_admin_log` SET `admin_id` = 1 , `username` = 'hqs316' , `useragent` = 'Mozilla/5.0 (Windows NT 10.0; Win64; x64) AppleWebKit/537.36 (KHTML, like Gecko) Chrome/110.0.0.0 Safari/537.36' , `ip` = '111.197.233.58' , `url` = 'http://www.ikun100.xyz/index.php/admin/index/login.html' , `method` = 'POST' , `type` = 'json' , `param` = '{\"username\":\"hqs316\",\"password\":\"123456\",\"remember_user\":\"on\"}' , `remark` = '登录了后台系统' , `create_time` = 1676803697 [ RunTime:0.000407s ]
[2023-02-19T18:48:17+08:00][sql] CONNECT:[ UseTime:0.000922s ] mysql:host=mysql57;port=3306;dbname=wechat;charset=utf8
[2023-02-19T18:48:17+08:00][sql] SHOW FULL COLUMNS FROM `hq_auth_rule` [ RunTime:0.000701s ]
[2023-02-19T18:48:17+08:00][sql] SELECT * FROM `hq_auth_rule` WHERE  `type` = 'nav'  AND `status` = 1 ORDER BY `sort_order` ASC [ RunTime:0.000344s ]
[2023-02-19T18:48:17+08:00][sql] SELECT * FROM `hq_auth_rule` WHERE  `url` = 'admin/index/index' ORDER BY `pid` DESC LIMIT 1 [ RunTime:0.000261s ]
[2023-02-19T18:48:28+08:00][sql] CONNECT:[ UseTime:0.000715s ] mysql:host=mysql57;port=3306;dbname=wechat;charset=utf8
[2023-02-19T18:48:28+08:00][sql] SHOW FULL COLUMNS FROM `hq_auth_rule` [ RunTime:0.000535s ]
[2023-02-19T18:48:28+08:00][sql] SELECT * FROM `hq_auth_rule` WHERE  `type` = 'nav'  AND `status` = 1 ORDER BY `sort_order` ASC [ RunTime:0.000325s ]
[2023-02-19T18:48:28+08:00][sql] SELECT * FROM `hq_auth_rule` WHERE  `url` = 'admin/user/index' ORDER BY `pid` DESC LIMIT 1 [ RunTime:0.000243s ]
[2023-02-19T18:48:28+08:00][sql] SELECT * FROM `hq_auth_rule` WHERE  `id` = 2 ORDER BY `pid` DESC LIMIT 1 [ RunTime:0.000214s ]
[2023-02-19T18:48:28+08:00][sql] SHOW FULL COLUMNS FROM `hq_user` [ RunTime:0.000385s ]
[2023-02-19T18:48:28+08:00][sql] SELECT COUNT(*) AS think_count FROM `hq_user` WHERE `hq_user`.`delete_time` = 0 [ RunTime:0.000204s ]
[2023-02-19T18:48:28+08:00][sql] SELECT * FROM `hq_user` WHERE `hq_user`.`delete_time` = 0 ORDER BY `id` DESC LIMIT 0,15 [ RunTime:0.000224s ]
[2023-02-19T18:48:28+08:00][error] [10501]SQLSTATE[42S02]: Base table or view not found: 1146 Table 'wechat.hq_shop' doesn't exist[/etc/nginx/html/wechat/vendor/topthink/think-orm/src/db/PDOConnection.php:771]
[2023-02-19T18:48:54+08:00][sql] CONNECT:[ UseTime:0.000946s ] mysql:host=mysql57;port=3306;dbname=wechat;charset=utf8
[2023-02-19T18:48:54+08:00][sql] SHOW FULL COLUMNS FROM `hq_auth_rule` [ RunTime:0.000538s ]
[2023-02-19T18:48:54+08:00][sql] SELECT * FROM `hq_auth_rule` WHERE  `type` = 'nav'  AND `status` = 1 ORDER BY `sort_order` ASC [ RunTime:0.000343s ]
[2023-02-19T18:48:54+08:00][sql] SELECT * FROM `hq_auth_rule` WHERE  `url` = 'admin/category/index' ORDER BY `pid` DESC LIMIT 1 [ RunTime:0.000266s ]
[2023-02-19T18:48:54+08:00][sql] SELECT * FROM `hq_auth_rule` WHERE  `id` = 1 ORDER BY `pid` DESC LIMIT 1 [ RunTime:0.000208s ]
[2023-02-19T18:48:54+08:00][sql] SHOW FULL COLUMNS FROM `hq_category` [ RunTime:0.000412s ]
[2023-02-19T18:48:54+08:00][sql] SELECT * FROM `hq_category` WHERE `hq_category`.`delete_time` = 0 ORDER BY `sort_order` DESC,`id` DESC [ RunTime:0.000290s ]
[2023-02-19T18:48:55+08:00][sql] CONNECT:[ UseTime:0.001169s ] mysql:host=mysql57;port=3306;dbname=wechat;charset=utf8
[2023-02-19T18:48:55+08:00][sql] SHOW FULL COLUMNS FROM `hq_auth_rule` [ RunTime:0.000689s ]
[2023-02-19T18:48:55+08:00][sql] SELECT * FROM `hq_auth_rule` WHERE  `type` = 'nav'  AND `status` = 1 ORDER BY `sort_order` ASC [ RunTime:0.000336s ]
[2023-02-19T18:48:55+08:00][sql] SELECT * FROM `hq_auth_rule` WHERE  `url` = 'admin/category/index_json' ORDER BY `pid` DESC LIMIT 1 [ RunTime:0.000266s ]
[2023-02-19T18:48:55+08:00][sql] SHOW FULL COLUMNS FROM `hq_category` [ RunTime:0.000398s ]
[2023-02-19T18:48:55+08:00][sql] SELECT * FROM `hq_category` WHERE `hq_category`.`delete_time` = 0 ORDER BY `sort_order` DESC,`id` DESC [ RunTime:0.000295s ]
[2023-02-19T18:48:58+08:00][sql] CONNECT:[ UseTime:0.000942s ] mysql:host=mysql57;port=3306;dbname=wechat;charset=utf8
[2023-02-19T18:48:58+08:00][sql] SHOW FULL COLUMNS FROM `hq_auth_rule` [ RunTime:0.000517s ]
[2023-02-19T18:48:58+08:00][sql] SELECT * FROM `hq_auth_rule` WHERE  `type` = 'nav'  AND `status` = 1 ORDER BY `sort_order` ASC [ RunTime:0.000337s ]
[2023-02-19T18:48:58+08:00][sql] SELECT * FROM `hq_auth_rule` WHERE  `url` = 'admin/wechat/index' ORDER BY `pid` DESC LIMIT 1 [ RunTime:0.000265s ]
[2023-02-19T18:48:58+08:00][sql] SELECT * FROM `hq_auth_rule` WHERE  `id` = 98 ORDER BY `pid` DESC LIMIT 1 [ RunTime:0.000207s ]
[2023-02-19T18:48:58+08:00][sql] SHOW FULL COLUMNS FROM `hq_wechat` [ RunTime:0.000403s ]
[2023-02-19T18:48:58+08:00][sql] SELECT COUNT(*) AS think_count FROM `hq_wechat` WHERE `hq_wechat`.`delete_time` = 0 [ RunTime:0.000221s ]
[2023-02-19T18:48:58+08:00][sql] SELECT * FROM `hq_wechat` WHERE `hq_wechat`.`delete_time` = 0 ORDER BY `id` DESC LIMIT 0,15 [ RunTime:0.000226s ]
[2023-02-19T18:49:04+08:00][sql] CONNECT:[ UseTime:0.001078s ] mysql:host=mysql57;port=3306;dbname=wechat;charset=utf8
[2023-02-19T18:49:04+08:00][sql] SHOW FULL COLUMNS FROM `hq_auth_rule` [ RunTime:0.000559s ]
[2023-02-19T18:49:04+08:00][sql] SELECT * FROM `hq_auth_rule` WHERE  `type` = 'nav'  AND `status` = 1 ORDER BY `sort_order` ASC [ RunTime:0.000343s ]
[2023-02-19T18:49:04+08:00][sql] SELECT * FROM `hq_auth_rule` WHERE  `url` = 'admin/config/setting' ORDER BY `pid` DESC LIMIT 1 [ RunTime:0.000270s ]
[2023-02-19T18:49:04+08:00][sql] SELECT * FROM `hq_auth_rule` WHERE  `id` = 4 ORDER BY `pid` DESC LIMIT 1 [ RunTime:0.000218s ]
[2023-02-19T18:49:06+08:00][sql] CONNECT:[ UseTime:0.001097s ] mysql:host=mysql57;port=3306;dbname=wechat;charset=utf8
[2023-02-19T18:49:06+08:00][sql] SHOW FULL COLUMNS FROM `hq_auth_rule` [ RunTime:0.000528s ]
[2023-02-19T18:49:06+08:00][sql] SELECT * FROM `hq_auth_rule` WHERE  `type` = 'nav'  AND `status` = 1 ORDER BY `sort_order` ASC [ RunTime:0.000351s ]
[2023-02-19T18:49:06+08:00][sql] SELECT * FROM `hq_auth_rule` WHERE  `url` = 'admin/category/index' ORDER BY `pid` DESC LIMIT 1 [ RunTime:0.000278s ]
[2023-02-19T18:49:06+08:00][sql] SELECT * FROM `hq_auth_rule` WHERE  `id` = 1 ORDER BY `pid` DESC LIMIT 1 [ RunTime:0.000213s ]
[2023-02-19T18:49:06+08:00][sql] SHOW FULL COLUMNS FROM `hq_category` [ RunTime:0.000417s ]
[2023-02-19T18:49:06+08:00][sql] SELECT * FROM `hq_category` WHERE `hq_category`.`delete_time` = 0 ORDER BY `sort_order` DESC,`id` DESC [ RunTime:0.000265s ]
[2023-02-19T18:49:07+08:00][sql] CONNECT:[ UseTime:0.001334s ] mysql:host=mysql57;port=3306;dbname=wechat;charset=utf8
[2023-02-19T18:49:07+08:00][sql] SHOW FULL COLUMNS FROM `hq_auth_rule` [ RunTime:0.000564s ]
[2023-02-19T18:49:07+08:00][sql] SELECT * FROM `hq_auth_rule` WHERE  `type` = 'nav'  AND `status` = 1 ORDER BY `sort_order` ASC [ RunTime:0.000349s ]
[2023-02-19T18:49:07+08:00][sql] SELECT * FROM `hq_auth_rule` WHERE  `url` = 'admin/category/index_json' ORDER BY `pid` DESC LIMIT 1 [ RunTime:0.000265s ]
[2023-02-19T18:49:07+08:00][sql] SHOW FULL COLUMNS FROM `hq_category` [ RunTime:0.000412s ]
[2023-02-19T18:49:07+08:00][sql] SELECT * FROM `hq_category` WHERE `hq_category`.`delete_time` = 0 ORDER BY `sort_order` DESC,`id` DESC [ RunTime:0.000275s ]
[2023-02-19T18:51:15+08:00][sql] CONNECT:[ UseTime:0.001026s ] mysql:host=mysql57;port=3306;dbname=wechat;charset=utf8
[2023-02-19T18:51:15+08:00][sql] SHOW FULL COLUMNS FROM `hq_auth_rule` [ RunTime:0.000505s ]
[2023-02-19T18:51:15+08:00][sql] SELECT * FROM `hq_auth_rule` WHERE  `type` = 'nav'  AND `status` = 1 ORDER BY `sort_order` ASC [ RunTime:0.000322s ]
[2023-02-19T18:51:15+08:00][sql] SELECT * FROM `hq_auth_rule` WHERE  `url` = 'admin/wechat/index' ORDER BY `pid` DESC LIMIT 1 [ RunTime:0.000240s ]
[2023-02-19T18:51:15+08:00][sql] SELECT * FROM `hq_auth_rule` WHERE  `id` = 98 ORDER BY `pid` DESC LIMIT 1 [ RunTime:0.000222s ]
[2023-02-19T18:51:15+08:00][sql] SHOW FULL COLUMNS FROM `hq_wechat` [ RunTime:0.000387s ]
[2023-02-19T18:51:15+08:00][sql] SELECT COUNT(*) AS think_count FROM `hq_wechat` WHERE `hq_wechat`.`delete_time` = 0 [ RunTime:0.000212s ]
[2023-02-19T18:51:15+08:00][sql] SELECT * FROM `hq_wechat` WHERE `hq_wechat`.`delete_time` = 0 ORDER BY `id` DESC LIMIT 0,15 [ RunTime:0.000207s ]
[2023-02-19T18:51:19+08:00][sql] CONNECT:[ UseTime:0.000912s ] mysql:host=mysql57;port=3306;dbname=wechat;charset=utf8
[2023-02-19T18:51:19+08:00][sql] SHOW FULL COLUMNS FROM `hq_auth_rule` [ RunTime:0.000567s ]
[2023-02-19T18:51:19+08:00][sql] SELECT * FROM `hq_auth_rule` WHERE  `type` = 'nav'  AND `status` = 1 ORDER BY `sort_order` ASC [ RunTime:0.000337s ]
[2023-02-19T18:51:19+08:00][sql] SELECT * FROM `hq_auth_rule` WHERE  `url` = 'admin/index/editPassword' ORDER BY `pid` DESC LIMIT 1 [ RunTime:0.000244s ]
[2023-02-19T18:51:19+08:00][sql] SELECT * FROM `hq_auth_rule` WHERE  `id` = 6 ORDER BY `pid` DESC LIMIT 1 [ RunTime:0.000226s ]
[2023-02-19T18:51:39+08:00][sql] CONNECT:[ UseTime:0.000977s ] mysql:host=mysql57;port=3306;dbname=wechat;charset=utf8
[2023-02-19T18:51:39+08:00][sql] SHOW FULL COLUMNS FROM `hq_admin` [ RunTime:0.000728s ]
[2023-02-19T18:51:39+08:00][sql] SELECT * FROM `hq_admin` WHERE  `id` = 1 LIMIT 1 [ RunTime:0.000286s ]
[2023-02-19T18:51:39+08:00][sql] UPDATE `hq_admin`  SET `password` = '9a683b514977ba573f653948475c4f5b' , `update_time` = 1676803899  WHERE  `id` = 1 [ RunTime:0.000274s ]
[2023-02-19T18:51:39+08:00][sql] SHOW FULL COLUMNS FROM `hq_admin_log` [ RunTime:0.000479s ]
[2023-02-19T18:51:39+08:00][sql] INSERT INTO `hq_admin_log` SET `admin_id` = 1 , `username` = 'hqs316' , `useragent` = 'Mozilla/5.0 (Windows NT 10.0; Win64; x64) AppleWebKit/537.36 (KHTML, like Gecko) Chrome/110.0.0.0 Safari/537.36' , `ip` = '111.197.233.58' , `url` = 'http://www.ikun100.xyz/index.php/admin/index/editPassword.html' , `method` = 'POST' , `type` = 'json' , `param` = '{\"password\":\"123456\",\"new_password\":\"ikunmima.128\",\"rep_password\":\"ikunmima.128\"}' , `remark` = '修改了登录密码' , `create_time` = 1676803899 [ RunTime:0.000790s ]
[2023-02-19T18:51:41+08:00][sql] CONNECT:[ UseTime:0.001122s ] mysql:host=mysql57;port=3306;dbname=wechat;charset=utf8
[2023-02-19T18:51:41+08:00][sql] SHOW FULL COLUMNS FROM `hq_auth_group_access` [ RunTime:0.000653s ]
[2023-02-19T18:51:41+08:00][sql] SELECT * FROM `hq_auth_group_access` WHERE  `uid` IS NULL LIMIT 1 [ RunTime:0.000289s ]
[2023-02-19T18:51:41+08:00][sql] SHOW FULL COLUMNS FROM `hq_auth_rule` [ RunTime:0.000490s ]
[2023-02-19T18:51:41+08:00][sql] SELECT * FROM `hq_auth_rule` WHERE  `type` = 'nav'  AND `status` = 1 ORDER BY `sort_order` ASC [ RunTime:0.000419s ]
[2023-02-19T18:51:41+08:00][sql] SELECT * FROM `hq_auth_rule` WHERE  `url` = 'admin/index/login' ORDER BY `pid` DESC LIMIT 1 [ RunTime:0.000318s ]
[2023-02-19T18:51:48+08:00][sql] CONNECT:[ UseTime:0.001157s ] mysql:host=mysql57;port=3306;dbname=wechat;charset=utf8
[2023-02-19T18:51:48+08:00][sql] SHOW FULL COLUMNS FROM `hq_admin` [ RunTime:0.000649s ]
[2023-02-19T18:51:48+08:00][sql] SELECT * FROM `hq_admin` WHERE  `username` = 'hqs316'  AND `password` = '9a683b514977ba573f653948475c4f5b' LIMIT 1 [ RunTime:0.000270s ]
[2023-02-19T18:51:48+08:00][sql] UPDATE `hq_admin`  SET `last_login_time` = 1676803908 , `last_login_ip` = '111.197.233.58' , `login_count` = 1283 , `update_time` = 1676803908  WHERE  `id` = 1 [ RunTime:0.000271s ]
[2023-02-19T18:51:48+08:00][sql] SHOW FULL COLUMNS FROM `hq_admin_log` [ RunTime:0.000416s ]
[2023-02-19T18:51:48+08:00][sql] INSERT INTO `hq_admin_log` SET `admin_id` = 1 , `username` = 'hqs316' , `useragent` = 'Mozilla/5.0 (Windows NT 10.0; Win64; x64) AppleWebKit/537.36 (KHTML, like Gecko) Chrome/110.0.0.0 Safari/537.36' , `ip` = '111.197.233.58' , `url` = 'http://www.ikun100.xyz/index.php/admin/index/login.html' , `method` = 'POST' , `type` = 'json' , `param` = '{\"username\":\"hqs316\",\"password\":\"ikunmima.128\",\"remember_user\":\"on\"}' , `remark` = '登录了后台系统' , `create_time` = 1676803908 [ RunTime:0.000423s ]
[2023-02-19T18:51:48+08:00][sql] CONNECT:[ UseTime:0.001562s ] mysql:host=mysql57;port=3306;dbname=wechat;charset=utf8
[2023-02-19T18:51:48+08:00][sql] SHOW FULL COLUMNS FROM `hq_auth_rule` [ RunTime:0.000708s ]
[2023-02-19T18:51:48+08:00][sql] SELECT * FROM `hq_auth_rule` WHERE  `type` = 'nav'  AND `status` = 1 ORDER BY `sort_order` ASC [ RunTime:0.000469s ]
[2023-02-19T18:51:48+08:00][sql] SELECT * FROM `hq_auth_rule` WHERE  `url` = 'admin/index/index' ORDER BY `pid` DESC LIMIT 1 [ RunTime:0.000339s ]
[2023-02-19T18:51:49+08:00][sql] CONNECT:[ UseTime:0.001136s ] mysql:host=mysql57;port=3306;dbname=wechat;charset=utf8
[2023-02-19T18:51:49+08:00][sql] SHOW FULL COLUMNS FROM `hq_auth_rule` [ RunTime:0.000553s ]
[2023-02-19T18:51:49+08:00][sql] SELECT * FROM `hq_auth_rule` WHERE  `type` = 'nav'  AND `status` = 1 ORDER BY `sort_order` ASC [ RunTime:0.000331s ]
[2023-02-19T18:51:49+08:00][sql] SELECT * FROM `hq_auth_rule` WHERE  `url` = 'admin/index/editPassword' ORDER BY `pid` DESC LIMIT 1 [ RunTime:0.000249s ]
[2023-02-19T18:51:49+08:00][sql] SELECT * FROM `hq_auth_rule` WHERE  `id` = 6 ORDER BY `pid` DESC LIMIT 1 [ RunTime:0.000208s ]
[2023-02-19T18:51:50+08:00][sql] CONNECT:[ UseTime:0.000928s ] mysql:host=mysql57;port=3306;dbname=wechat;charset=utf8
[2023-02-19T18:51:50+08:00][sql] SHOW FULL COLUMNS FROM `hq_auth_rule` [ RunTime:0.000504s ]
[2023-02-19T18:51:50+08:00][sql] SELECT * FROM `hq_auth_rule` WHERE  `type` = 'nav'  AND `status` = 1 ORDER BY `sort_order` ASC [ RunTime:0.000329s ]
[2023-02-19T18:51:50+08:00][sql] SELECT * FROM `hq_auth_rule` WHERE  `url` = 'admin/category/index' ORDER BY `pid` DESC LIMIT 1 [ RunTime:0.000272s ]
[2023-02-19T18:51:50+08:00][sql] SELECT * FROM `hq_auth_rule` WHERE  `id` = 1 ORDER BY `pid` DESC LIMIT 1 [ RunTime:0.000233s ]
[2023-02-19T18:51:50+08:00][sql] SHOW FULL COLUMNS FROM `hq_category` [ RunTime:0.000421s ]
[2023-02-19T18:51:50+08:00][sql] SELECT * FROM `hq_category` WHERE `hq_category`.`delete_time` = 0 ORDER BY `sort_order` DESC,`id` DESC [ RunTime:0.000254s ]
[2023-02-19T18:51:51+08:00][sql] CONNECT:[ UseTime:0.001033s ] mysql:host=mysql57;port=3306;dbname=wechat;charset=utf8
[2023-02-19T18:51:51+08:00][sql] SHOW FULL COLUMNS FROM `hq_auth_rule` [ RunTime:0.000679s ]
[2023-02-19T18:51:51+08:00][sql] SELECT * FROM `hq_auth_rule` WHERE  `type` = 'nav'  AND `status` = 1 ORDER BY `sort_order` ASC [ RunTime:0.000331s ]
[2023-02-19T18:51:51+08:00][sql] SELECT * FROM `hq_auth_rule` WHERE  `url` = 'admin/category/index_json' ORDER BY `pid` DESC LIMIT 1 [ RunTime:0.000270s ]
[2023-02-19T18:51:51+08:00][sql] SHOW FULL COLUMNS FROM `hq_category` [ RunTime:0.000383s ]
[2023-02-19T18:51:51+08:00][sql] SELECT * FROM `hq_category` WHERE `hq_category`.`delete_time` = 0 ORDER BY `sort_order` DESC,`id` DESC [ RunTime:0.000259s ]
